<?xml version="1.0" encoding="UTF-8"?>
<testsuite xmlns:xsi="http://www.w3.org/2001/XMLSchema-instance" xsi:noNamespaceSchemaLocation="https://maven.apache.org/surefire/maven-surefire-plugin/xsd/surefire-test-report-3.0.xsd" version="3.0" name="com.microservices.loans_micro_service.LoansApplicationTests" time="8.846" tests="1" errors="0" skipped="0" failures="0">
  <properties>
[...]
</properties>
  <testcase name="contextLoads" classname="com.microservices.loans_micro_service.LoansApplicationTests" time="1.401">
    <system-out><![CDATA[17:13:09.993 [main] INFO org.springframework.test.context.support.AnnotationConfigContextLoaderUtils -- Could not detect default configuration classes for test class [com.microservices.loans_micro_service.LoansApplicationTests]: LoansApplicationTests does not declare any static, non-private, non-final, nested classes annotated with @Configuration.
17:13:10.117 [main] INFO org.springframework.boot.test.context.SpringBootTestContextBootstrapper -- Found @SpringBootConfiguration com.microservices.loans_micro_service.LoansApplication for test class com.microservices.loans_micro_service.LoansApplicationTests
17:13:10.335 [main] INFO org.springframework.boot.devtools.restart.RestartApplicationListener -- Restart disabled due to context in which it is running

  .   ____          _            __ _ _
 /\\ / ___'_ __ _ _(_)_ __  __ _ \ \ \ \
( ( )\___ | '_ | '_| | '_ \/ _` | \ \ \ \
 \\/  ___)| |_)| | | | | || (_| |  ) ) ) )
  '  |____| .__|_| |_|_| |_\__, | / / / /
 =========|_|==============|___/=/_/_/_/

 :: Spring Boot ::                (v3.3.2)

2024-09-17T17:13:10.691+05:30  INFO 34360 --- [           main] c.m.l.LoansApplicationTests              : Starting LoansApplicationTests using Java 17.0.11 with PID 34360 (started by onkar in D:\Movies\Bank Microservices Project\loans-micro-service)
2024-09-17T17:13:10.692+05:30  INFO 34360 --- [           main] c.m.l.LoansApplicationTests              : No active profile set, falling back to 1 default profile: "default"
2024-09-17T17:13:12.107+05:30  INFO 34360 --- [           main] .s.d.r.c.RepositoryConfigurationDelegate : Bootstrapping Spring Data JPA repositories in DEFAULT mode.
2024-09-17T17:13:12.172+05:30  INFO 34360 --- [           main] .s.d.r.c.RepositoryConfigurationDelegate : Finished Spring Data repository scanning in 57 ms. Found 1 JPA repository interface.
2024-09-17T17:13:12.874+05:30  INFO 34360 --- [           main] com.zaxxer.hikari.HikariDataSource       : HikariPool-1 - Starting...
2024-09-17T17:13:13.108+05:30  INFO 34360 --- [           main] com.zaxxer.hikari.pool.HikariPool        : HikariPool-1 - Added connection conn0: url=jdbc:h2:mem:testdb user=SA
2024-09-17T17:13:13.111+05:30  INFO 34360 --- [           main] com.zaxxer.hikari.HikariDataSource       : HikariPool-1 - Start completed.
2024-09-17T17:13:13.255+05:30  INFO 34360 --- [           main] o.hibernate.jpa.internal.util.LogHelper  : HHH000204: Processing PersistenceUnitInfo [name: default]
2024-09-17T17:13:13.366+05:30  INFO 34360 --- [           main] org.hibernate.Version                    : HHH000412: Hibernate ORM core version 6.5.2.Final
2024-09-17T17:13:13.416+05:30  INFO 34360 --- [           main] o.h.c.internal.RegionFactoryInitiator    : HHH000026: Second-level cache disabled
2024-09-17T17:13:13.855+05:30  INFO 34360 --- [           main] o.s.o.j.p.SpringPersistenceUnitInfo      : No LoadTimeWeaver setup: ignoring JPA class transformer
2024-09-17T17:13:13.917+05:30  WARN 34360 --- [           main] org.hibernate.orm.deprecation            : HHH90000025: H2Dialect does not need to be specified explicitly using 'hibernate.dialect' (remove the property setting and it will be selected by default)
2024-09-17T17:13:14.956+05:30  INFO 34360 --- [           main] o.h.e.t.j.p.i.JtaPlatformInitiator       : HHH000489: No JTA platform available (set 'hibernate.transaction.jta.platform' to enable JTA platform integration)
Hibernate: alter table if exists loans alter column loan_id set data type bigint
Hibernate: alter table if exists loans alter column created_at set data type timestamp(6)
Hibernate: alter table if exists loans alter column created_by set data type varchar(255)
Hibernate: alter table if exists loans alter column updated_at set data type timestamp(6)
Hibernate: alter table if exists loans alter column updated_by set data type varchar(255)
Hibernate: alter table if exists loans alter column loan_number set data type varchar(255)
Hibernate: alter table if exists loans alter column loan_type set data type varchar(255)
Hibernate: alter table if exists loans alter column mobile_number set data type varchar(255)
2024-09-17T17:13:15.023+05:30  INFO 34360 --- [           main] j.LocalContainerEntityManagerFactoryBean : Initialized JPA EntityManagerFactory for persistence unit 'default'
2024-09-17T17:13:16.043+05:30  WARN 34360 --- [           main] JpaBaseConfiguration$JpaWebConfiguration : spring.jpa.open-in-view is enabled by default. Therefore, database queries may be performed during view rendering. Explicitly configure spring.jpa.open-in-view to disable this warning
2024-09-17T17:13:16.998+05:30  INFO 34360 --- [           main] o.s.b.a.h2.H2ConsoleAutoConfiguration    : H2 console available at '/h2-console'. Database available at 'jdbc:h2:mem:testdb'
2024-09-17T17:13:17.056+05:30  INFO 34360 --- [           main] o.s.b.a.e.web.EndpointLinksResolver      : Exposing 1 endpoint beneath base path '/actuator'
2024-09-17T17:13:17.141+05:30  INFO 34360 --- [           main] c.m.l.LoansApplicationTests              : Started LoansApplicationTests in 6.82 seconds (process running for 7.946)
]]></system-out>
  </testcase>
</testsuite>